# JRE version: Java(TM) SE Runtime Environment (17.0.8+9) (build 17.0.8+9-LTS-211)
# Java VM: Java HotSpot(TM) 64-Bit Server VM (17.0.8+9-LTS-211, mixed mode, sharing, tiered, compressed oops, compressed class ptrs, g1 gc, windows-amd64)
GC Precious Log:
 CPUs: 12 total, 12 available
 Memory: 7521M
 Large Page Support: Disabled
 NUMA Support: Disabled
 Compressed Oops: Enabled (Zero based)
 Heap Region Size: 2M
 Heap Min Capacity: 8M
 Heap Initial Capacity: 118M
 Heap Max Capacity: 4G
 Pre-touch: Disabled
 Parallel Workers: 10
 Concurrent Workers: 3
 Concurrent Refinement Workers: 10
 Periodic GC: Disabled
Heap:
 garbage-first heap   total 141312K, used 86105K [0x0000000700000000, 0x0000000800000000)
  region size 2048K, 2 young (4096K), 2 survivors (4096K)
 Metaspace       used 67705K, committed 68544K, reserved 1114112K
  class space    used 9551K, committed 9920K, reserved 1048576K
GC Heap History (20 events):
Event: 13.870 GC heap after
{Heap after GC invocations=18 (full 0):
 garbage-first heap   total 102400K, used 51033K [0x0000000700000000, 0x0000000800000000)
  region size 2048K, 3 young (6144K), 3 survivors (6144K)
 Metaspace       used 58995K, committed 59712K, reserved 1114112K
  class space    used 8389K, committed 8704K, reserved 1048576K
}
Event: 27.404 GC heap before
{Heap before GC invocations=19 (full 0):
 garbage-first heap   total 102400K, used 79705K [0x0000000700000000, 0x0000000800000000)
  region size 2048K, 17 young (34816K), 3 survivors (6144K)
 Metaspace       used 61239K, committed 62016K, reserved 1114112K
  class space    used 8788K, committed 9152K, reserved 1048576K
}
Event: 27.412 GC heap after
{Heap after GC invocations=20 (full 0):
 garbage-first heap   total 102400K, used 52872K [0x0000000700000000, 0x0000000800000000)
  region size 2048K, 2 young (4096K), 2 survivors (4096K)
 Metaspace       used 61239K, committed 62016K, reserved 1114112K
  class space    used 8788K, committed 9152K, reserved 1048576K
}
Event: 28.376 GC heap before
{Heap before GC invocations=20 (full 0):
 garbage-first heap   total 102400K, used 79496K [0x0000000700000000, 0x0000000800000000)
  region size 2048K, 16 young (32768K), 2 survivors (4096K)
 Metaspace       used 62049K, committed 62784K, reserved 1114112K
  class space    used 8865K, committed 9216K, reserved 1048576K
}
Event: 28.382 GC heap after
{Heap after GC invocations=21 (full 0):
 garbage-first heap   total 102400K, used 55391K [0x0000000700000000, 0x0000000800000000)
  region size 2048K, 2 young (4096K), 2 survivors (4096K)
 Metaspace       used 62049K, committed 62784K, reserved 1114112K
  class space    used 8865K, committed 9216K, reserved 1048576K
}
Event: 28.463 GC heap before
{Heap before GC invocations=22 (full 0):
 garbage-first heap   total 102400K, used 57439K [0x0000000700000000, 0x0000000800000000)
  region size 2048K, 4 young (8192K), 2 survivors (4096K)
 Metaspace       used 62063K, committed 62848K, reserved 1114112K
  class space    used 8866K, committed 9216K, reserved 1048576K
}
Event: 28.468 GC heap after
{Heap after GC invocations=23 (full 0):
 garbage-first heap   total 102400K, used 56997K [0x0000000700000000, 0x0000000800000000)
  region size 2048K, 1 young (2048K), 1 survivors (2048K)
 Metaspace       used 62063K, committed 62848K, reserved 1114112K
  class space    used 8866K, committed 9216K, reserved 1048576K
}
Event: 28.590 GC heap before
{Heap before GC invocations=24 (full 0):
 garbage-first heap   total 110592K, used 61093K [0x0000000700000000, 0x0000000800000000)
  region size 2048K, 4 young (8192K), 1 survivors (2048K)
 Metaspace       used 62077K, committed 62848K, reserved 1114112K
  class space    used 8866K, committed 9216K, reserved 1048576K
}
Event: 28.593 GC heap after
{Heap after GC invocations=25 (full 0):
 garbage-first heap   total 110592K, used 63232K [0x0000000700000000, 0x0000000800000000)
  region size 2048K, 2 young (4096K), 2 survivors (4096K)
 Metaspace       used 62077K, committed 62848K, reserved 1114112K
  class space    used 8866K, committed 9216K, reserved 1048576K
}
Event: 29.026 GC heap before
{Heap before GC invocations=26 (full 0):
 garbage-first heap   total 122880K, used 81664K [0x0000000700000000, 0x0000000800000000)
  region size 2048K, 10 young (20480K), 2 survivors (4096K)
 Metaspace       used 62541K, committed 63360K, reserved 1114112K
  class space    used 8932K, committed 9280K, reserved 1048576K
}
Event: 29.030 GC heap after
{Heap after GC invocations=27 (full 0):
 garbage-first heap   total 122880K, used 71566K [0x0000000700000000, 0x0000000800000000)
  region size 2048K, 2 young (4096K), 2 survivors (4096K)
 Metaspace       used 62541K, committed 63360K, reserved 1114112K
  class space    used 8932K, committed 9280K, reserved 1048576K
}
Event: 29.260 GC heap before
{Heap before GC invocations=28 (full 0):
 garbage-first heap   total 133120K, used 87950K [0x0000000700000000, 0x0000000800000000)
  region size 2048K, 10 young (20480K), 2 survivors (4096K)
 Metaspace       used 63541K, committed 64320K, reserved 1114112K
  class space    used 9050K, committed 9408K, reserved 1048576K
}
Event: 29.264 GC heap after
{Heap after GC invocations=29 (full 0):
 garbage-first heap   total 133120K, used 76575K [0x0000000700000000, 0x0000000800000000)
  region size 2048K, 2 young (4096K), 2 survivors (4096K)
 Metaspace       used 63541K, committed 64320K, reserved 1114112K
  class space    used 9050K, committed 9408K, reserved 1048576K
}
Event: 29.609 GC heap before
{Heap before GC invocations=29 (full 0):
 garbage-first heap   total 133120K, used 92959K [0x0000000700000000, 0x0000000800000000)
  region size 2048K, 11 young (22528K), 2 survivors (4096K)
 Metaspace       used 64964K, committed 65792K, reserved 1114112K
  class space    used 9235K, committed 9600K, reserved 1048576K
}
Event: 29.611 GC heap after
{Heap after GC invocations=30 (full 0):
 garbage-first heap   total 133120K, used 77271K [0x0000000700000000, 0x0000000800000000)
  region size 2048K, 1 young (2048K), 1 survivors (2048K)
 Metaspace       used 64964K, committed 65792K, reserved 1114112K
  class space    used 9235K, committed 9600K, reserved 1048576K
}
Event: 30.924 GC heap before
{Heap before GC invocations=31 (full 0):
 garbage-first heap   total 141312K, used 95703K [0x0000000700000000, 0x0000000800000000)
  region size 2048K, 11 young (22528K), 1 survivors (2048K)
 Metaspace       used 66790K, committed 67584K, reserved 1114112K
  class space    used 9430K, committed 9792K, reserved 1048576K
}
Event: 30.926 GC heap after
{Heap after GC invocations=32 (full 0):
 garbage-first heap   total 141312K, used 77490K [0x0000000700000000, 0x0000000800000000)
  region size 2048K, 1 young (2048K), 1 survivors (2048K)
 Metaspace       used 66790K, committed 67584K, reserved 1114112K
  class space    used 9430K, committed 9792K, reserved 1048576K
}
Event: 30.999 GC heap before
{Heap before GC invocations=32 (full 0):
 garbage-first heap   total 141312K, used 81586K [0x0000000700000000, 0x0000000800000000)
  region size 2048K, 3 young (6144K), 1 survivors (2048K)
 Metaspace       used 67083K, committed 67904K, reserved 1114112K
  class space    used 9472K, committed 9856K, reserved 1048576K
}
Event: 31.001 GC heap after
{Heap after GC invocations=33 (full 0):
 garbage-first heap   total 141312K, used 77451K [0x0000000700000000, 0x0000000800000000)
  region size 2048K, 1 young (2048K), 1 survivors (2048K)
 Metaspace       used 67083K, committed 67904K, reserved 1114112K
  class space    used 9472K, committed 9856K, reserved 1048576K
}
Event: 31.253 GC heap before
{Heap before GC invocations=33 (full 0):
 garbage-first heap   total 141312K, used 102027K [0x0000000700000000, 0x0000000800000000)
  region size 2048K, 14 young (28672K), 1 survivors (2048K)
 Metaspace       used 67705K, committed 68544K, reserved 1114112K
  class space    used 9551K, committed 9920K, reserved 1048576K
}

