# JRE version: Java(TM) SE Runtime Environment (17.0.8+9) (build 17.0.8+9-LTS-211)
# Java VM: Java HotSpot(TM) 64-Bit Server VM (17.0.8+9-LTS-211, mixed mode, sharing, tiered, compressed oops, compressed class ptrs, g1 gc, windows-amd64)
GC Precious Log:
 CPUs: 12 total, 12 available
 Memory: 7521M
 Large Page Support: Disabled
 NUMA Support: Disabled
 Compressed Oops: Enabled (Zero based)
 Heap Region Size: 2M
 Heap Min Capacity: 8M
 Heap Initial Capacity: 118M
 Heap Max Capacity: 4G
 Pre-touch: Disabled
 Parallel Workers: 10
 Concurrent Workers: 3
 Concurrent Refinement Workers: 10
 Periodic GC: Disabled
Heap:
 garbage-first heap   total 202752K, used 130207K [0x0000000700000000, 0x0000000800000000)
  region size 2048K, 12 young (24576K), 4 survivors (8192K)
 Metaspace       used 85877K, committed 86784K, reserved 1179648K
  class space    used 12143K, committed 12608K, reserved 1048576K
GC Heap History (20 events):
Event: 26.695 GC heap before
{Heap before GC invocations=35 (full 0):
 garbage-first heap   total 143360K, used 107348K [0x0000000700000000, 0x0000000800000000)
  region size 2048K, 18 young (36864K), 2 survivors (4096K)
 Metaspace       used 71601K, committed 72320K, reserved 1114112K
  class space    used 10031K, committed 10368K, reserved 1048576K
}
Event: 26.700 GC heap after
{Heap after GC invocations=36 (full 0):
 garbage-first heap   total 143360K, used 78076K [0x0000000700000000, 0x0000000800000000)
  region size 2048K, 2 young (4096K), 2 survivors (4096K)
 Metaspace       used 71601K, committed 72320K, reserved 1114112K
  class space    used 10031K, committed 10368K, reserved 1048576K
}
Event: 26.787 GC heap before
{Heap before GC invocations=36 (full 0):
 garbage-first heap   total 143360K, used 84220K [0x0000000700000000, 0x0000000800000000)
  region size 2048K, 6 young (12288K), 2 survivors (4096K)
 Metaspace       used 72088K, committed 72768K, reserved 1114112K
  class space    used 10100K, committed 10432K, reserved 1048576K
}
Event: 26.790 GC heap after
{Heap after GC invocations=37 (full 0):
 garbage-first heap   total 172032K, used 78346K [0x0000000700000000, 0x0000000800000000)
  region size 2048K, 1 young (2048K), 1 survivors (2048K)
 Metaspace       used 72088K, committed 72768K, reserved 1114112K
  class space    used 10100K, committed 10432K, reserved 1048576K
}
Event: 27.432 GC heap before
{Heap before GC invocations=38 (full 0):
 garbage-first heap   total 172032K, used 137738K [0x0000000700000000, 0x0000000800000000)
  region size 2048K, 28 young (57344K), 1 survivors (2048K)
 Metaspace       used 73349K, committed 74176K, reserved 1114112K
  class space    used 10274K, committed 10688K, reserved 1048576K
}
Event: 27.436 GC heap after
{Heap after GC invocations=39 (full 0):
 garbage-first heap   total 172032K, used 86598K [0x0000000700000000, 0x0000000800000000)
  region size 2048K, 3 young (6144K), 3 survivors (6144K)
 Metaspace       used 73349K, committed 74176K, reserved 1114112K
  class space    used 10274K, committed 10688K, reserved 1048576K
}
Event: 28.253 GC heap before
{Heap before GC invocations=39 (full 0):
 garbage-first heap   total 172032K, used 115270K [0x0000000700000000, 0x0000000800000000)
  region size 2048K, 19 young (38912K), 3 survivors (6144K)
 Metaspace       used 73677K, committed 74496K, reserved 1114112K
  class space    used 10284K, committed 10688K, reserved 1048576K
}
Event: 28.260 GC heap after
{Heap after GC invocations=40 (full 0):
 garbage-first heap   total 172032K, used 93929K [0x0000000700000000, 0x0000000800000000)
  region size 2048K, 4 young (8192K), 4 survivors (8192K)
 Metaspace       used 73677K, committed 74496K, reserved 1114112K
  class space    used 10284K, committed 10688K, reserved 1048576K
}
Event: 28.973 GC heap before
{Heap before GC invocations=41 (full 0):
 garbage-first heap   total 178176K, used 141033K [0x0000000700000000, 0x0000000800000000)
  region size 2048K, 24 young (49152K), 4 survivors (8192K)
 Metaspace       used 75942K, committed 76736K, reserved 1179648K
  class space    used 10581K, committed 11008K, reserved 1048576K
}
Event: 28.979 GC heap after
{Heap after GC invocations=42 (full 0):
 garbage-first heap   total 178176K, used 103242K [0x0000000700000000, 0x0000000800000000)
  region size 2048K, 2 young (4096K), 2 survivors (4096K)
 Metaspace       used 75942K, committed 76736K, reserved 1179648K
  class space    used 10581K, committed 11008K, reserved 1048576K
}
Event: 29.419 GC heap before
{Heap before GC invocations=42 (full 0):
 garbage-first heap   total 178176K, used 142154K [0x0000000700000000, 0x0000000800000000)
  region size 2048K, 21 young (43008K), 2 survivors (4096K)
 Metaspace       used 76583K, committed 77376K, reserved 1179648K
  class space    used 10668K, committed 11072K, reserved 1048576K
}
Event: 29.425 GC heap after
{Heap after GC invocations=43 (full 0):
 garbage-first heap   total 178176K, used 106150K [0x0000000700000000, 0x0000000800000000)
  region size 2048K, 3 young (6144K), 3 survivors (6144K)
 Metaspace       used 76583K, committed 77376K, reserved 1179648K
  class space    used 10668K, committed 11072K, reserved 1048576K
}
Event: 29.916 GC heap before
{Heap before GC invocations=44 (full 0):
 garbage-first heap   total 188416K, used 140966K [0x0000000700000000, 0x0000000800000000)
  region size 2048K, 20 young (40960K), 3 survivors (6144K)
 Metaspace       used 78788K, committed 79616K, reserved 1179648K
  class space    used 10975K, committed 11328K, reserved 1048576K
}
Event: 29.921 GC heap after
{Heap after GC invocations=45 (full 0):
 garbage-first heap   total 188416K, used 108443K [0x0000000700000000, 0x0000000800000000)
  region size 2048K, 2 young (4096K), 2 survivors (4096K)
 Metaspace       used 78788K, committed 79616K, reserved 1179648K
  class space    used 10975K, committed 11328K, reserved 1048576K
}
Event: 30.678 GC heap before
{Heap before GC invocations=45 (full 0):
 garbage-first heap   total 188416K, used 149403K [0x0000000700000000, 0x0000000800000000)
  region size 2048K, 22 young (45056K), 2 survivors (4096K)
 Metaspace       used 81467K, committed 82304K, reserved 1179648K
  class space    used 11517K, committed 11904K, reserved 1048576K
}
Event: 30.682 GC heap after
{Heap after GC invocations=46 (full 0):
 garbage-first heap   total 188416K, used 108965K [0x0000000700000000, 0x0000000800000000)
  region size 2048K, 2 young (4096K), 2 survivors (4096K)
 Metaspace       used 81467K, committed 82304K, reserved 1179648K
  class space    used 11517K, committed 11904K, reserved 1048576K
}
Event: 31.422 GC heap before
{Heap before GC invocations=47 (full 0):
 garbage-first heap   total 194560K, used 151973K [0x0000000700000000, 0x0000000800000000)
  region size 2048K, 23 young (47104K), 2 survivors (4096K)
 Metaspace       used 84094K, committed 84928K, reserved 1179648K
  class space    used 11884K, committed 12288K, reserved 1048576K
}
Event: 31.426 GC heap after
{Heap after GC invocations=48 (full 0):
 garbage-first heap   total 194560K, used 110322K [0x0000000700000000, 0x0000000800000000)
  region size 2048K, 2 young (4096K), 2 survivors (4096K)
 Metaspace       used 84094K, committed 84928K, reserved 1179648K
  class space    used 11884K, committed 12288K, reserved 1048576K
}
Event: 33.294 GC heap before
{Heap before GC invocations=48 (full 0):
 garbage-first heap   total 194560K, used 159474K [0x0000000700000000, 0x0000000800000000)
  region size 2048K, 26 young (53248K), 2 survivors (4096K)
 Metaspace       used 85051K, committed 85888K, reserved 1179648K
  class space    used 12019K, committed 12416K, reserved 1048576K
}
Event: 33.302 GC heap after
{Heap after GC invocations=49 (full 0):
 garbage-first heap   total 194560K, used 115871K [0x0000000700000000, 0x0000000800000000)
  region size 2048K, 4 young (8192K), 4 survivors (8192K)
 Metaspace       used 85051K, committed 85888K, reserved 1179648K
  class space    used 12019K, committed 12416K, reserved 1048576K
}

